<?xml version="1.0" encoding="UTF-8"?>
<!-- Generated by org.testng.reporters.JUnitReportReporter -->
<testsuite failures="0" tests="5" name="tests.Testing1" time="0.009" errors="0" timestamp="2022-11-06T05:52:42 EST" skipped="0">
  <testcase classname="tests.Testing1" name="test2" time="0.001"/>
  <system-out/>
  <testcase classname="tests.Testing1" name="test3" time="0.002"/>
  <system-out/>
  <testcase classname="tests.Testing1" name="f" time="0.003"/>
  <system-out/>
  <testcase classname="tests.Testing1" name="f" time="0.001"/>
  <system-out/>
  <testcase classname="tests.Testing1" name="test1" time="0.002"/>
  <system-out/>
</testsuite> <!-- tests.Testing1 -->
