<?xml version="1.0" encoding="UTF-8"?>
<!-- Generated by org.testng.reporters.JUnitReportReporter -->
<testsuite failures="0" tests="1" name="extentReport.RegTest" time="0.013" errors="0" timestamp="2022-11-06T08:23:23 EST" skipped="0">
  <testcase classname="extentReport.RegTest" name="doRegister" time="0.013"/>
  <system-out/>
</testsuite> <!-- extentReport.RegTest -->
